C51 COMPILER V9.00   SERIAL_COMM                                                           12/25/2014 11:05:44 PAGE 1   


C51 COMPILER V9.00, COMPILATION OF MODULE SERIAL_COMM
OBJECT MODULE PLACED IN serial_comm.OBJ
COMPILER INVOKED BY: C:\Keil\C51\BIN\C51.EXE serial_comm.c BROWSE DEBUG OBJECTEXTEND TABS(2)

line level    source

   1          #include<reg51.h>
   2          #include"delay.h"
   3          #include"serial.h"
   4          
   5          void main()
   6          {
   7   1        init_serial(9600);
   8   1        delay(10000);
   9   1        string_serial("SERIAL COMMUNICATION TEST WITH 8051\n\r");
  10   1        while(1)
  11   1        {
  12   2           trans_serial(rec_serial());
  13   2         }
  14   1      }


MODULE INFORMATION:   STATIC OVERLAYABLE
   CODE SIZE        =    113    ----
   CONSTANT SIZE    =     38    ----
   XDATA SIZE       =   ----    ----
   PDATA SIZE       =   ----    ----
   DATA SIZE        =   ----    ----
   IDATA SIZE       =   ----    ----
   BIT SIZE         =   ----    ----
END OF MODULE INFORMATION.


C51 COMPILATION COMPLETE.  0 WARNING(S),  0 ERROR(S)
