C51 COMPILER V9.60.0.0   ADC                                                               02/22/2023 09:49:59 PAGE 1   


C51 COMPILER V9.60.0.0, COMPILATION OF MODULE ADC
OBJECT MODULE PLACED IN adc.OBJ
COMPILER INVOKED BY: C:\Keil_8051\C51\BIN\C51.EXE adc.c OPTIMIZE(8,SPEED) BROWSE DEBUG OBJECTEXTEND TABS(2)

line level    source

   1          #include<reg51.h>
   2          
   3          //////////// PIN DEFINED ///////////////
   4          #define DATA P0
   5          #define ADC P3
   6          sbit RS=P2^0;
   7          sbit E=P2^1;
   8          sbit ALE=P1^2;
   9          sbit SOC=P1^1;
  10          sbit OE=P1^0;
  11          sbit EOC=P1^3;
  12          sbit SET0=P1^5;
  13          sbit SET1=P1^6;
  14          sbit SET2=P1^7;
  15          sbit CLOCK=P1^4;
  16          //////////////////////////////////////////
  17          #include"delay.h"
  18          #include"lcd.h"
  19          #include"adc.h"
  20          
  21          unsigned char adc_val;
  22          
  23          void main(void)
  24          { 
  25   1        init_lcd();
  26   1        string_lcd("ADC Test");
  27   1        delay(30000);
  28   1        while(1)
  29   1        {   
  30   2          adc_val = adc(7); 
  31   2          cmd_lcd(0xc0);
  32   2          number_lcd(adc_val,3);
  33   2          delay(1000);
  34   2         }
  35   1       }
  36          
  37          
  38          
  39          


MODULE INFORMATION:   STATIC OVERLAYABLE
   CODE SIZE        =    348    ----
   CONSTANT SIZE    =      9    ----
   XDATA SIZE       =   ----    ----
   PDATA SIZE       =   ----    ----
   DATA SIZE        =      1      22
   IDATA SIZE       =   ----    ----
   BIT SIZE         =   ----    ----
END OF MODULE INFORMATION.


C51 COMPILATION COMPLETE.  0 WARNING(S),  0 ERROR(S)
