C51 COMPILER V9.00   DACSIN                                                                12/22/2014 11:47:40 PAGE 1   


C51 COMPILER V9.00, COMPILATION OF MODULE DACSIN
OBJECT MODULE PLACED IN dacsin.OBJ
COMPILER INVOKED BY: C:\Keil\C51\BIN\C51.EXE dacsin.c BROWSE DEBUG OBJECTEXTEND TABS(2)

line level    source

   1          #include<reg51.h>
   2          #define DAC P2
   3          void main()
   4          {
   5   1      int i,j;
   6   1      
   7   1      while(1)
   8   1      {
   9   2      for(i=0;i<255;i++)
  10   2      {
  11   3        DAC = i;
  12   3        for(j=0;j<2;j++);
  13   3       }
  14   2      for(i=255;i>0;i--)
  15   2      {
  16   3        DAC = i;
  17   3        for(j=0;j<2;j++);
  18   3       }
  19   2      }
  20   1      }


MODULE INFORMATION:   STATIC OVERLAYABLE
   CODE SIZE        =     67    ----
   CONSTANT SIZE    =   ----    ----
   XDATA SIZE       =   ----    ----
   PDATA SIZE       =   ----    ----
   DATA SIZE        =   ----    ----
   IDATA SIZE       =   ----    ----
   BIT SIZE         =   ----    ----
END OF MODULE INFORMATION.


C51 COMPILATION COMPLETE.  0 WARNING(S),  0 ERROR(S)
